0:100  0:100  MemLog inited, TSC freq: 2400717720
0:100  0:000  CPU was calibrated with RTC
0:100  0:000  
0:100  0:000  Now is 24.6.2019,  7:9:35 (GMT)
0:100  0:000  Starting Clover revision: 4972 on INSYDE Corp. EFI
0:100  0:000  Build with: [Args: -D NO_GRUB_DRIVERS_EMBEDDED | -D NO_GRUB_DRIVERS_EMBEDDED -D USE_LOW_EBDA -D HAVE_LEGACY_EMURUNTIMEDXE -a X64 -b RELEASE -t XCODE8 -n 5 | OS: 10.13.6 | XCODE: 10.1]
0:100  0:000  SelfDevicePath=PciRoot(0x0)\Pci(0x17,0x0)\Sata(0x0,0x0,0x0)\HD(1,GPT,EB7C00D5-07C4-49AB-92B1-EC9D74BE2DE5,0x28,0x64000) @6B038098
0:100  0:000  SelfDirPath = \EFI\BOOT
0:100  0:000  === [ Get Smbios ] ========================================
0:100  0:000  Type 16 Index = 0
0:100  0:000  Total Memory Slots Count = 2
0:100  0:000  Type 17 Index = 0
0:100  0:000  SmbiosTable.Type17->Speed = 2133MHz
0:100  0:000  SmbiosTable.Type17->Size = 8192MB
0:100  0:000  SmbiosTable.Type17->Bank/Device = BANK 0 Bottom-Slot 1(left) 
0:100  0:000  SmbiosTable.Type17->Vendor = Kingston
0:100  0:000  SmbiosTable.Type17->SerialNumber = 01101220
0:100  0:000  SmbiosTable.Type17->PartNumber = 9905668-002.A00G    
0:100  0:000  Type 17 Index = 1
0:100  0:000  SmbiosTable.Type17->Speed = 2133MHz
0:100  0:000  SmbiosTable.Type17->Size = 4096MB
0:100  0:000  SmbiosTable.Type17->Bank/Device = BANK 2 Bottom-Slot 2(right)
0:100  0:000  SmbiosTable.Type17->Vendor = Samsung
0:100  0:000  SmbiosTable.Type17->SerialNumber = 15401320
0:100  0:000  SmbiosTable.Type17->PartNumber = M471A5143EB0-CPB    
0:100  0:000  Boot status=0
0:100  0:000  Running on: 'HP Pavilion Notebook' with board '820C'
0:100  0:000  === [ GetCPUProperties ] ==================================
0:100  0:000  CPU Vendor = 756E6547 Model=406E3
0:100  0:000   The CPU supported SSE4.1
0:100  0:000  BrandString = Intel(R) Core(TM) i5-6200U CPU @ 2.30GHz
0:100  0:000   The CPU supported turbo
0:100  0:000  MSR 0x35               20004
0:100  0:000   TSC/CCC Information Leaf:
0:100  0:000    numerator     : 200
0:100  0:000    denominator   : 2
0:100  0:000   Calibrated ARTFrequency: 24007177
0:100  0:000  MSR 0xE2 before patch 7E008006
0:100  0:000  MSR 0xE2 is locked, PM patches will be turned on
0:100  0:000  MSR 0xCE              0004043D_F1011800
0:100  0:000  corrected FLEX_RATIO = 0
0:100  0:000  MSR 0x1B0             00000000
0:100  0:000  FSBFrequency = 84 MHz, DMI FSBFrequency = 100 MHz, Corrected FSBFrequency = 100 MHz
0:100  0:000  MaxDiv/MinDiv: 24.0/4
0:100  0:000  Turbo: 27/27/27/28
0:100  0:000  Features: 0xBFEBFBFF
0:100  0:000  Threads: 4
0:100  0:000  Cores: 2
0:100  0:000  FSB: 100 MHz
0:100  0:000  CPU: 2000 MHz
0:100  0:000  TSC: 2000 MHz
0:100  0:000  PIS: 100 MHz
0:100  0:000  ExternalClock: 25 MHz
0:100  0:000  === [ GetDevices ] ========================================
0:100  0:000  PCI (00|00:00.00) : 8086 1904 class=060000
0:100  0:000  PCI (00|00:02.00) : 8086 1916 class=030000
0:100  0:000   - GFX: Model=Intel HD Graphics 520 (Intel)
0:100  0:000  PCI (00|00:04.00) : 8086 1903 class=118000
0:100  0:000  PCI (00|00:14.00) : 8086 9D2F class=0C0330
0:100  0:000  PCI (00|00:14.02) : 8086 9D31 class=118000
0:100  0:000  PCI (00|00:16.00) : 8086 9D3A class=078000
0:100  0:000  PCI (00|00:17.00) : 8086 9D03 class=010601
0:100  0:000  PCI (00|00:1C.00) : 8086 9D10 class=060400
0:100  0:000  PCI (00|01:00.00) : 10DE 134D class=030200
0:100  0:000  PCI (00|00:1C.04) : 8086 9D14 class=060400
0:101  0:000  PCI (00|02:00.00) : 10EC 522A class=FF0000
0:101  0:000  PCI (00|00:1C.05) : 8086 9D15 class=060400
0:101  0:000  PCI (00|03:00.00) : 10EC 8136 class=020000
0:101  0:000   - LAN: 0 Vendor=Realtek
0:101  0:000  PCI (00|00:1D.00) : 8086 9D1B class=060400
0:101  0:000  PCI (00|04:00.00) : 10EC B723 class=028000
0:101  0:000   - WIFI: Vendor=Realtek
0:101  0:000  PCI (00|00:1F.00) : 8086 9D48 class=060100
0:101  0:000  PCI (00|00:1F.02) : 8086 9D21 class=058000
0:101  0:000  PCI (00|00:1F.03) : 8086 9D70 class=040300
0:101  0:000  PCI (00|00:1F.04) : 8086 9D23 class=0C0500
0:101  0:000  === [ GetDefaultSettings ] ================================
0:101  0:000  Clover load options size = 0 bytes
0:106  0:005  EFI\CLOVER\config.plist loaded: Success
0:106  0:000  === [ GetListOfThemes ] ===================================
0:107  0:000  - [00]: cesium
0:109  0:001  - [01]: random
0:110  0:001  - [01]: embedded
0:112  0:002  - [01]: HighSierra
0:115  0:002  - [02]: Mojave
0:116  0:001  === [ Found config plists ] ===============================
0:116  0:000  - config.plist
0:116  0:000  === [ GetEarlyUserSettings ] ==============================
0:116  0:000  timeout set to 5
0:116  0:000  Custom boot CUSTOM_BOOT_DISABLED (0x0)
0:116  0:000  KernelToPatch: 2 requested
0:116  0:000   - [00]: Disable panic kext logging on 10.14 Release kernel :: MatchOS: 10.14 :: data len: 6
0:116  0:000   - [01]: Disable panic kext logging on 10.13 Release kernel :: MatchOS: 10.13 :: data len: 6
0:116  0:000  Default theme: Mojave
0:116  0:000  Hiding entries with string Preboot
0:116  0:000  Hiding entries with string Recovery
0:116  0:000  Hiding entries with string Legacy HD
0:116  0:000  === [ LoadDrivers ] =======================================
0:117  0:000  Loading AptioMemoryFix-64.efi  status=Success
0:118  0:001  Loading Fat-64.efi  status=Success
0:118  0:000   - driver needs connecting
0:118  0:000  Loading AudioDxe-64.efi  status=Success
0:119  0:000   - driver needs connecting
0:119  0:000  Loading DataHubDxe-64.efi  status=Success
0:120  0:000  Loading VBoxHfs-64.efi  status=Success
0:120  0:000   - driver needs connecting
0:120  0:000  Loading FSInject-64.efi  status=Success
0:122  0:002  Loading ApfsDriverLoader-64.efi  status=Success
0:123  0:000   - driver needs connecting
0:124  0:000  Loading SMCHelper-64.efi  status=Success
0:124  0:000  Loading Ps2MouseDxe-64.efi  status=Success
0:124  0:000   - driver needs connecting
0:124  0:000  Loading UsbKbDxe-64.efi  status=Success
0:125  0:000   - driver needs connecting
0:125  0:000  Loading UsbMouseDxe-64.efi  status=Success
0:125  0:000   - driver needs connecting
0:125  0:000  Loading VBoxExt2-64.efi  status=Success
0:125  0:000   - driver needs connecting
0:125  0:000  Loading VBoxExt4-64.efi  status=Success
0:126  0:000   - driver needs connecting
0:126  0:000  Loading VBoxIso9600-64.efi  status=Success
0:127  0:000   - driver needs connecting
0:127  0:000  10 drivers needs connecting ...
0:127  0:000  PlatformDriverOverrideProtocol->GetDriver overriden
0:127  0:000  APFS driver loaded
0:127  0:000  Searching for invalid DiskIo BY_DRIVER connects: not found, all ok
0:452  0:324  === [ InitScreen ] ========================================
0:452  0:000  Console modes reported: 7, available modes:
0:452  0:000   - [01]: 80x25
0:452  0:000   - [02]: 80x50
0:452  0:000   - [03]: 80x25
0:452  0:000   - [04]: 240x56 (current mode)
0:452  0:000   - [05]: 100x31
0:452  0:000   - [06]: 128x40
0:452  0:000   - [07]: 160x53
0:452  0:000  SetScreenResolution: 1920x1080 - already set
0:452  0:000  SetScreenResolution: 1920x1080 - already set
0:452  0:000  reinit: self device path=PciRoot(0x0)\Pci(0x17,0x0)\Sata(0x0,0x0,0x0)\HD(1,GPT,EB7C00D5-07C4-49AB-92B1-EC9D74BE2DE5,0x28,0x64000)
0:453  0:000  Using embedded font: Success
0:454  0:000  === [ GetMacAddress ] =====================================
0:454  0:000  MAC address of LAN #0= EC:8E:B5:48:A4:FF:
0:454  0:000  === [ ScanSPD ] ===========================================
0:454  0:000  Scanning SMBus [8086:9D23], mmio: 0xA4335004, ioport: 0x6040, hostc: 0x11
0:472  0:018  Slot: 0 Type 26 8192MB 2132MHz Vendor=Kingston PartNo=9905668-002.A00G SerialNo=0001000A000C0C0A
0:491  0:018  Slot: 2 Type 26 4096MB 2132MHz Vendor=Samsung PartNo=M471A5143EB0-CPB SerialNo=09070208080B0D00
0:492  0:000  === [ GetAcpiTablesList ] =================================
0:492  0:000  Get Acpi Tables List from RSDT:
0:492  0:000   - [00]: FACP  SLIC-MPC len=244
0:492  0:000   - [01]: UEFI  820C     len=566
0:492  0:000   - [02]: UEFI  820C     len=66
0:492  0:000   - [03]: SSDT  820C     len=28444
0:492  0:000   - [04]: SSDT  820C     len=20064
0:492  0:000   - [05]: SSDT  820C     len=13701
0:492  0:000   - [06]: DBGP  820C     len=52
0:492  0:000   - [07]: DBG2  820C     len=84
0:492  0:000   - [08]: ASF!  820C     len=165
0:492  0:000   - [09]: ASPT  820C     len=52
0:492  0:000   - [10]: BOOT  820C     len=40
0:492  0:000   - [11]: DBGP  820C     len=52
0:492  0:000   - [12]: HPET  820C     len=56
0:492  0:000   - [13]: LPIT  820C     len=148
0:492  0:000   - [14]: APIC  820C     len=188
0:492  0:000   - [15]: MCFG  820C     len=60
0:492  0:000   - [16]: SSDT  820C     len=724
0:492  0:000   - [17]: SSDT  820C     len=11182
0:492  0:000   - [18]: SSDT  820C     len=3699
0:492  0:000   - [19]: SSDT  820C     len=14205
0:492  0:000   - [20]: DMAR  820C     len=168
0:492  0:000   - [21]: FPDT  SLIC-MPC len=68
0:492  0:000   - [22]: BGRT  820C     len=56
0:492  0:000  Calibrated TSC Frequency = 2400717720 = 2400MHz
0:492  0:000  === [ GetUserSettings ] ===================================
0:492  0:000  USB FixOwnership: yes
0:492  0:000  Dropping 3 tables:
0:492  0:000   - [00]: Drop table  signature="DMAR" (52414D44)
0:492  0:000           - set table: 52414D44,                0 to drop: yes
0:492  0:000   - [01]: Drop table  signature="SSDT" (54445353) table-id="CpuPm" (0000006D50757043)
0:492  0:000           - set table: 54445353,       6D50757043 to drop: no
0:492  0:000   - [02]: Drop table  signature="SSDT" (54445353) table-id="Cpu0Ist" (0074734930757043)
0:492  0:000           - set table: 54445353,   74734930757043 to drop: no
0:492  0:000   - final DSDT Fix mask=1FE7B1D5
0:492  0:000  PatchesDSDT: 6 requested
0:492  0:000   - [00]: (Add _SUN property for GIGE) lenToFind: 18, lenToReplace: 25, Target Bridge: <null string>
0:492  0:000   - [01]: (Rename GFX0 to IGPU) lenToFind: 4, lenToReplace: 4, Target Bridge: <null string>
0:492  0:000   - [02]: (Rename HDEF to AZAL) lenToFind: 4, lenToReplace: 4, Target Bridge: <null string>
0:492  0:000   - [03]: (Rename oem _DSM to ZDSM) lenToFind: 4, lenToReplace: 4, Target Bridge: <null string>
0:492  0:000   - [04]: (Rename HECI to IMEI) lenToFind: 4, lenToReplace: 4, Target Bridge: <null string>
0:492  0:000   - [05]: (NVOP) lenToFind: 51, lenToReplace: 55, Target Bridge: <null string>
0:492  0:000  Devices to rename 1
0:492  0:000  PXSX:RP01:PCI0:#_SB:->will be renamed to ARPT
0:492  0:000  Using ProductName from config: MacBookPro13,1
0:492  0:000  Using latest BiosVersion from clover
0:492  0:000  BiosVersion: MBP131.88Z.F000.B00.1905251430
0:492  0:000  BiosReleaseDate: 05/25/2019
0:492  0:000  Using latest EfiVersion from clover: 234.0.0.0.0
0:492  0:000  Using FirmwareFeatures from config: 0xFC0FE137
0:492  0:000  Using FirmwareFeaturesMask from config: 0xFF1FFF3F
0:492  0:000  Board-ID set from config as Mac-473D31EABEB93F9B
0:492  0:000  BoardType: 0xA
0:492  0:000  ChassisType: 0x9
0:493  0:000  === [ Found DSDT tables ] =================================
0:493  0:000  - DSDT.aml
0:558  0:065  === [ ScanVolumes ] =======================================
0:558  0:000  Found 11 volumes with blockIO
0:558  0:000  - [00]: Volume: PciRoot(0x0)\Pci(0x17,0x0)\Sata(0x0,0x0,0x0)
0:559  0:000  - [01]: Volume: PciRoot(0x0)\Pci(0x17,0x0)\Sata(0x0,0x0,0x0)\HD(1,GPT,EB7C00D5-07C4-49AB-92B1-EC9D74BE2DE5,0x28,0x64000)
0:559  0:000          Result of bootcode detection: bootable unknown (legacy)
0:559  0:000          This is SelfVolume !!
0:560  0:000  - [02]: Volume: PciRoot(0x0)\Pci(0x17,0x0)\Sata(0x0,0x0,0x0)\HD(2,GPT,B0362D6A-6F81-4C02-9409-546ED537B146,0x64028,0xBA43B70)
0:560  0:000          Result of bootcode detection: bootable unknown (legacy)
0:560  0:000          hiding this volume
0:560  0:000  - [03]: Volume: PciRoot(0x0)\Pci(0x17,0x0)\Sata(0x0,0x0,0x0)\HD(3,GPT,1F3DCF62-F2E5-4C17-8DEA-71C64313D1A1,0xBAA8000,0x8000)
0:560  0:000          hiding this volume
0:560  0:000  - [04]: Volume: PciRoot(0x0)\Pci(0x17,0x0)\Sata(0x0,0x0,0x0)\HD(4,GPT,60E3F10F-2EB7-43FC-AE59-E78835CB3A1B,0xBAB0000,0xBA3B800)
0:560  0:000          Result of bootcode detection: bootable Windows (vista,win)
0:560  0:000          hiding this volume
0:560  0:000  - [05]: Volume: PciRoot(0x0)\Pci(0x17,0x0)\Sata(0x0,0x0,0x0)\HD(5,GPT,6180C455-AC27-478A-B445-C0F4E974DEEE,0x174EB800,0x12991800)
0:560  0:000          Result of bootcode detection: bootable unknown (legacy)
0:560  0:000          hiding this volume
0:560  0:000  - [06]: Volume: PciRoot(0x0)\Pci(0x17,0x0)\Sata(0x1,0x0,0x0)
0:561  0:000          Found optical drive
0:561  0:000  - [07]: Volume: PciRoot(0x0)\Pci(0x17,0x0)\Sata(0x0,0x0,0x0)\HD(2,GPT,B0362D6A-6F81-4C02-9409-546ED537B146,0x64028,0xBA43B70)\VenMedia(BE74FCF7-0B7C-49F3-9147-01F4042E6842,2323522FCF26E345BB93A9F6D0855647)
0:561  0:000          hiding this volume
0:561  0:000  - [08]: Volume: PciRoot(0x0)\Pci(0x17,0x0)\Sata(0x0,0x0,0x0)\HD(2,GPT,B0362D6A-6F81-4C02-9409-546ED537B146,0x64028,0xBA43B70)\VenMedia(BE74FCF7-0B7C-49F3-9147-01F4042E6842,86EB23A2D409EF48AEF34FCBE0D40938)
0:561  0:000  - [09]: Volume: PciRoot(0x0)\Pci(0x17,0x0)\Sata(0x0,0x0,0x0)\HD(2,GPT,B0362D6A-6F81-4C02-9409-546ED537B146,0x64028,0xBA43B70)\VenMedia(BE74FCF7-0B7C-49F3-9147-01F4042E6842,D7DCAF83EFFA2949A7B3C254EB942560)
0:561  0:000          hiding this volume
0:561  0:000  - [10]: Volume: PciRoot(0x0)\Pci(0x17,0x0)\Sata(0x0,0x0,0x0)\HD(2,GPT,B0362D6A-6F81-4C02-9409-546ED537B146,0x64028,0xBA43B70)\VenMedia(BE74FCF7-0B7C-49F3-9147-01F4042E6842,2154F1F147E18C4787C137255C92641F)
0:561  0:000  No AudioIoProtocols, status=Not Found
0:561  0:000  === [ InitTheme ] =========================================
0:561  0:000  use daylight theme
0:563  0:001  Using theme 'Mojave' (EFI\CLOVER\themes\Mojave)
0:563  0:000  OS main and drive as badge
0:565  0:001    Channels: 1  Sample rate: 44100 Hz  Bits: 16
0:565  0:000  output to channel 0 with volume 70, len=228736
0:565  0:000   sound channels=1 bits=16 freq=44100
0:565  0:000  not found AudioIo to play
0:565  0:000  free sound
0:565  0:000  sound play end with status=Not Found
0:566  0:001  Loading font from ThemeDir: Success
0:566  0:000  theme inited
0:566  0:000  Chosen theme Mojave
0:566  0:000  found boot-args in NVRAM:, size=1
0:566  0:000  after NVRAM boot-args=-v -wegnoegpu darkwake=0
0:566  0:000  === [ Dump SMC keys from NVRAM ] ==========================
0:566  0:000  found AppleSMC protocol
0:581  0:014  Registered 17 SMC keys
0:581  0:000  === [ ScanLoader ] ========================================
0:581  0:000  - [01]: 'EFI'
0:581  0:000          AddLoaderEntry for Volume Name=EFI
0:610  0:029          AddLoaderEntry for Volume Name=EFI
0:610  0:000          skipped because entry is hidden
0:610  0:000  - [07]: 'Preboot', hidden
0:610  0:000  - [08]: 'MyMacSSD'
0:621  0:010          AddLoaderEntry for Volume Name=MyMacSSD
0:622  0:001      Check if volume Is Hibernated:
0:622  0:000      Check sleep image 'by signature':
0:628  0:005      read prefs \Library\Preferences\com.apple.PowerManagement.plist status=Success
0:628  0:000      using default sleep image name = \private\var\vm\sleepimage
0:630  0:002      sleepimage not found -> Not Found
0:630  0:000      hibernated: no - sign
0:652  0:021  - [09]: 'Recovery', hidden
0:652  0:000  - [10]: 'VM'
0:672  0:020  Scanning legacy ...
0:672  0:000   4: 'Legacy HD4' (vista,win) hidden
0:672  0:000  === [ AddCustomTool ] =====================================
0:672  0:000  found tool \EFI\CLOVER\tools\Shell64U.efi
0:672  0:000  Checking EFI partition Volume 1 for Clover
0:672  0:000   Found Clover
0:674  0:001  === [ GetEfiBootDeviceFromNvram ] =========================
0:674  0:000   - efi-boot-device-data: PciRoot(0x0)\Pci(0x17,0x0)\Sata(0x0,0x0,0x0)\HD(2,GPT,B0362D6A-6F81-4C02-9409-546ED537B146,0x64028,0xBA43B70)\VenMedia(BE74FCF7-0B7C-49F3-9147-01F4042E6842,86EB23A2D409EF48AEF34FCBE0D40938)
0:674  0:000    - Volume: 'PciRoot(0x0)\Pci(0x17,0x0)\Sata(0x0,0x0,0x0)\HD(2,GPT,B0362D6A-6F81-4C02-9409-546ED537B146,0x64028,0xBA43B70)\VenMedia(BE74FCF7-0B7C-49F3-9147-01F4042E6842,86EB23A2D409EF48AEF34FCBE0D40938)'
0:674  0:000    - LoaderPath: '<null string>'
0:674  0:000    - Guid = B0362D6A-6F81-4C02-9409-546ED537B146
0:674  0:000  === [ FindStartupDiskVolume ] =============================
0:674  0:000    - Volume: partition = PciRoot(0x0)\Pci(0x17,0x0)\Sata(0x0,0x0,0x0)\HD(2,GPT,B0362D6A-6F81-4C02-9409-546ED537B146,0x64028,0xBA43B70)\VenMedia(BE74FCF7-0B7C-49F3-9147-01F4042E6842,86EB23A2D409EF48AEF34FCBE0D40938)
0:674  0:000     - searching for that partition
0:674  0:000      - found entry 1. 'Boot macOS from MyMacSSD', Volume 'MyMacSSD'
0:674  0:000  Boot redirected to Entry 1. 'Boot macOS from MyMacSSD'
0:674  0:000  DefaultIndex=1 and MainMenu.EntryCount=8
1:064  0:389  GUI ready
2:609  1:545  exit from MainMenu 7
9:015  6:405  exit from MainMenu 1
9:015  0:000  ParseBootOption: invalid input params
9:015  0:000  BootVariable of the entry is empty
9:015  0:000  === [ StartLoader ] =======================================
9:015  0:000  Finally: ExternalClock=26MHz BusSpeed=100030kHz CPUFreq=2401MHz PIS: hw.busfrequency=104000000Hz
9:015  0:000  Loading boot.efi  status=Success
9:070  0:055  GetOSVersion: 10.14.5 (18F132)
9:070  0:000  CSR_CFG: CSR_ALLOW_UNTRUSTED_KEXTS | CSR_ALLOW_UNRESTRICTED_FS | CSR_ALLOW_TASK_FOR_PID | CSR_ALLOW_UNRESTRICTED_DTRACE | CSR_ALLOW_UNRESTRICTED_NVRAM | CSR_ALLOW_DEVICE_CONFIGURATION | CSR_ALLOW_ANY_RECOVERY_OS | CSR_ALLOW_UNAPPROVED_KEXTS
9:070  0:000  Filtering KernelPatches:
9:070  0:000   - [00]: Disable panic kext logging on 10.14 Release kernel :: [OS: 10.14.5 | MatchOS: 10.14 | MatchBuild: no] ==> disabled by user
9:070  0:000   - [01]: Disable panic kext logging on 10.13 Release kernel :: [OS: 10.14.5 | MatchOS: 10.13 | MatchBuild: no] ==> disabled by user
9:070  0:000  Will not patch boot.efi
9:070  0:000  === [ PatchSmbios ] =======================================
9:070  0:000  insert table 9 for dev 0:0
9:070  0:000  insert table 9 for dev 0:0
9:070  0:000  Table 11 present, but rewritten for us
9:071  0:001  Trusting SMBIOS...
9:071  0:000  Detected alternating SMBIOS channel banks
9:071  0:000  Channels: 2
9:071  0:000  Interleave: 0 2 1 3 4 6 5 7 8 10 9 11 12 14 13 15 16 18 17 19 20 22 21 23
9:071  0:000   partNum=9905668-002.A00G    
9:071  0:000  SMBIOS Type 17 Index = 0 => 0 0:
9:071  0:000  BANK 0 DIMM0 2133MHz 8192MB
9:071  0:000   partNum=M471A5143EB0-CPB    
9:071  0:000  SMBIOS Type 17 Index = 1 => 1 2:
9:071  0:000  BANK 1 DIMM0 2133MHz 4096MB
9:071  0:000  mTotalSystemMemory = 12288
9:071  0:000  NumberOfMemoryDevices = 2
9:071  0:000  Type20[0]->End = 0x7FFFFF, Type17[0] = 0x2000
9:071  0:000  Type20[1]->End = 0x3FFFFF, Type17[1] = 0x5000
9:071  0:000  Table 131 is present, CPUType=31
9:071  0:000  Change to: 605
9:071  0:000  === [ PatchACPI ] =========================================
9:071  0:000  Xsdt reallocation done
9:071  0:000  old FADT length=F4
9:072  0:000   SignatureFixup: 0xA625258 -> 0x0
9:072  0:000  Found OperationRegion(GNVS, SystemMemory, 7AE71698, ...)
9:072  0:000  Found OperationRegion(OGNS, SystemMemory, 7AE70D98, ...)
9:072  0:000  Found OperationRegion(PNVA, SystemMemory, 7AE78C98, ...)
9:072  0:000  Found OperationRegion(THBA, SystemMemory, FE200000, ...)
9:073  0:000  Found OperationRegion(ITSS, SystemMemory, FDC43100, ...)
9:073  0:000  Found OperationRegion(PDW0, SystemMemory, FDAE01C4, ...)
9:073  0:000  Found OperationRegion(PDW1, SystemMemory, FDAE01E4, ...)
9:073  0:000  Found OperationRegion(PDW3, SystemMemory, FDAF01C6, ...)
9:073  0:000  Found OperationRegion(PDW4, SystemMemory, FDAF01E6, ...)
9:073  0:000  Found OperationRegion(GPPI, SystemMemory, FDAC0100, ...)
9:073  0:000  Found OperationRegion(MDBG, SystemMemory, 7AE5A018, ...)
9:073  0:000  DSDT found in Clover volume OEM folder: EFI\CLOVER\ACPI\patched\DSDT.aml
9:075  0:001  Apply DsdtFixMask=0x1FE7B1D5
9:075  0:000     drop _DSM mask=0xFFFF
9:075  0:000  === [ FixBiosDsdt ] =======================================
9:075  0:000  Patching DSDT:
9:075  0:000   - [Add _SUN property for GIGE]: pattern 50585358, bin not found / already patched!
9:075  0:000   - [Rename GFX0 to IGPU]: pattern 47465830, patched at: [ (114) (12) (12) (12) (12) (12) (2E25) (AC70) (D5B) (17) (8) (16) (8) (3CC1) (1934) (14) (941) (1324) ]
9:076  0:000   - [Rename HDEF to AZAL]: pattern 48444546, bin not found / already patched!
9:076  0:000   - [Rename oem _DSM to ZDSM]: pattern 5F44534D, patched at: [ (2FC2) (1E3A) (8B) (52) (D3B) (723) (17) (51) (22) (21) (15) (88) (10D) (379) (379) (379) (379) (379) (3A3) (3A3) (379) (379) (379) (379) (379) (379) (379) (379) (379) (379) (379) (379) (28B) (1A2) (13F4) (F1) (F1) (F1) (F1) (F1) (DA) (DA) (E8) (131) (131) (137) (853) (4126) (515E) (1275) (52B) (52B) (52B) (52B) (52B) (52B) (52B) (52B) (52B) (52B) (52B) (52B) (52B) (52B) (52B) (52B) (52B) (52B) (5AE) ]
9:076  0:000   - [Rename HECI to IMEI]: pattern 48454349, patched at: [ (D3E1) ]
9:076  0:000   - [NVOP]: pattern 5B810E50, bin not found / already patched!
9:076  0:000  Name: PXSX, Bridge: RP01, Replace: ARPT
9:098  0:022    6 replacements
9:099  0:001  found RTC Length not match, Maybe will cause CMOS reset, will patch it.
9:099  0:000  found RTC had IRQNoFlag will move -3 bytes
9:100  0:000  found PIC had IRQNoFlag will move -3 bytes
9:100  0:000  Start HPET Fix
9:101  0:000  patch LAN0 in DSDT 
9:104  0:002  Name HDAS present at 0x62A0, renaming to HDEF
9:104  0:000  Name HDAS present at 0x632A, renaming to HDEF
9:104  0:000  Name HDAS present at 0x633B, renaming to HDEF
9:104  0:000  Name HDAS present at 0x63E0, renaming to HDEF
9:104  0:000  Name HDAS present at 0x6454, renaming to HDEF
9:104  0:000   deleting device CRT_
9:105  0:000   deleting device DVI_
9:105  0:000   deleting device SPKR
9:106  0:000   deleting device ECP_
9:106  0:000   deleting device LPT_
9:107  0:000   deleting device FDC0
9:107  0:000   deleting device ECP1
9:108  0:000   deleting device LPT1
9:111  0:002    indirect name=PNVB
9:111  0:000  OperationRegion (PDW0...) corrected from 0x0 to addr=0xFDAE01C4
9:111  0:000  OperationRegion (PDW0...) corrected from 0x0 to addr=0xFDAE01C4
9:111  0:000  OperationRegion (PDW1...) corrected from 0x0 to addr=0xFDAE01E4
9:111  0:000  OperationRegion (PDW1...) corrected from 0x0 to addr=0xFDAE01E4
9:111  0:000  OperationRegion (PDW0...) corrected from 0x0 to addr=0xFDAE01C4
9:111  0:000  OperationRegion (PDW0...) corrected from 0x0 to addr=0xFDAE01C4
9:111  0:000  OperationRegion (PDW0...) corrected from 0x0 to addr=0xFDAE01C4
9:111  0:000  OperationRegion (PDW0...) corrected from 0x0 to addr=0xFDAE01C4
9:111  0:000  OperationRegion (PDW0...) corrected from 0x0 to addr=0xFDAE01C4
9:111  0:000  OperationRegion (PDW0...) corrected from 0x0 to addr=0xFDAE01C4
9:111  0:000  OperationRegion (PDW0...) corrected from 0x0 to addr=0xFDAE01C4
9:111  0:000  OperationRegion (PDW0...) corrected from 0x0 to addr=0xFDAE01C4
9:111  0:000  OperationRegion (PDW0...) corrected from 0x0 to addr=0xFDAE01C4
9:111  0:000  OperationRegion (PDW0...) corrected from 0x0 to addr=0xFDAE01C4
9:111  0:000  OperationRegion (PDW0...) corrected from 0x0 to addr=0xFDAE01C4
9:111  0:000  OperationRegion (PDW0...) corrected from 0x0 to addr=0xFDAE01C4
9:111  0:000  OperationRegion (THBA...) corrected from 0x0 to addr=0xFE200000
9:111  0:000  NewName ADP1 already present, renaming impossible
9:112  0:000  Name _OSI present at 0x10F58, renaming to OOSI
9:112  0:000  Name _OSI present at 0x10F5F, renaming to OOSI
9:112  0:000  Name _OSI present at 0x10F74, renaming to OOSI
9:112  0:000  Name _OSI present at 0x10F90, renaming to OOSI
9:112  0:000  Name _OSI present at 0x10FAC, renaming to OOSI
9:112  0:000  Name _OSI present at 0x10FCC, renaming to OOSI
9:112  0:000  Name _OSI present at 0x10FEC, renaming to OOSI
9:112  0:000  Name _OSI present at 0x1100A, renaming to OOSI
9:112  0:000  Name _OSI present at 0x11026, renaming to OOSI
9:112  0:000  Name _OSI present at 0x11042, renaming to OOSI
9:112  0:000  Name _OSI present at 0x1105E, renaming to OOSI
9:112  0:000  Name _OSI present at 0x1107A, renaming to OOSI
9:112  0:000  Name _OSI present at 0x11B56, renaming to OOSI
9:112  0:000  PreCleanup XSDT: count=23, length=220
9:112  0:000  PreCleanup XSDT, corrected XSDT: count=23, length=220
9:112  0:000  === [ ACPIDropTables ] ====================================
9:112  0:000  Drop tables from XSDT, SIGN=DMAR TableID=820C     Length=168
9:112  0:000   Table[20]: DMAR  820C      168 dropped
9:112  0:000  0. [Add _SUN property for GIGE]: pattern 50585358, bin not found / already patched!
9:113  0:000  1. [Rename GFX0 to IGPU]: pattern 47465830, patched at: [ (1904) (13) (1B) (13) (1A) (13) (2A) (13) (1B) (13) (1A) (13) (23) (120) (46) (6A) (13) (1B) (13) (1A) (13) (2A) (13) (1B) (13) (1A) (13) (23) ]
9:113  0:000  2. [Rename HDEF to AZAL]: pattern 48444546, bin not found / already patched!
9:113  0:000  3. [Rename oem _DSM to ZDSM]: pattern 5F44534D, bin not found / already patched!
9:113  0:000  4. [Rename HECI to IMEI]: pattern 48454349, bin not found / already patched!
9:113  0:000  5. [NVOP]: pattern 5B810E50, bin not found / already patched!
9:113  0:000  Name: PXSX, Bridge: RP01, Replace: ARPT
9:113  0:000    0 replacements
9:113  0:000  Found OperationRegion(HNVS, SystemMemory, 7AE74000, ...)
9:113  0:000  0. [Add _SUN property for GIGE]: pattern 50585358, bin not found / already patched!
9:113  0:000  1. [Rename GFX0 to IGPU]: pattern 47465830, patched at: [ (845) (1CB5) (A66) (1D) (716) ]
9:113  0:000  2. [Rename HDEF to AZAL]: pattern 48444546, bin not found / already patched!
9:113  0:000  3. [Rename oem _DSM to ZDSM]: pattern 5F44534D, patched at: [ (409) (261) (2B32) ]
9:113  0:000  4. [Rename HECI to IMEI]: pattern 48454349, bin not found / already patched!
9:113  0:000  5. [NVOP]: pattern 5B810E50, bin not found / already patched!
9:113  0:000  Name: PXSX, Bridge: RP01, Replace: ARPT
9:113  0:000    0 replacements
9:113  0:000  Found OperationRegion(SANV, SystemMemory, 7AE70C18, ...)
9:113  0:000  0. [Add _SUN property for GIGE]: pattern 50585358, bin not found / already patched!
9:113  0:000  1. [Rename GFX0 to IGPU]: pattern 47465830, bin not found / already patched!
9:113  0:000  2. [Rename HDEF to AZAL]: pattern 48444546, bin not found / already patched!
9:113  0:000  3. [Rename oem _DSM to ZDSM]: pattern 5F44534D, bin not found / already patched!
9:113  0:000  4. [Rename HECI to IMEI]: pattern 48454349, bin not found / already patched!
9:113  0:000  5. [NVOP]: pattern 5B810E50, bin not found / already patched!
9:113  0:000  Name: PXSX, Bridge: RP01, Replace: ARPT
9:113  0:000    0 replacements
9:113  0:000  0. [Add _SUN property for GIGE]: pattern 50585358, bin not found / already patched!
9:113  0:000  1. [Rename GFX0 to IGPU]: pattern 47465830, bin not found / already patched!
9:113  0:000  2. [Rename HDEF to AZAL]: pattern 48444546, bin not found / already patched!
9:113  0:000  3. [Rename oem _DSM to ZDSM]: pattern 5F44534D, patched at: [ (60) ]
9:113  0:000  4. [Rename HECI to IMEI]: pattern 48454349, bin not found / already patched!
9:113  0:000  5. [NVOP]: pattern 5B810E50, bin not found / already patched!
9:113  0:000  Name: PXSX, Bridge: RP01, Replace: ARPT
9:113  0:000    0 replacements
9:113  0:000  0. [Add _SUN property for GIGE]: pattern 50585358, bin not found / already patched!
9:113  0:000  1. [Rename GFX0 to IGPU]: pattern 47465830, bin not found / already patched!
9:113  0:000  2. [Rename HDEF to AZAL]: pattern 48444546, bin not found / already patched!
9:113  0:000  3. [Rename oem _DSM to ZDSM]: pattern 5F44534D, bin not found / already patched!
9:114  0:000  4. [Rename HECI to IMEI]: pattern 48454349, bin not found / already patched!
9:114  0:000  5. [NVOP]: pattern 5B810E50, bin not found / already patched!
9:114  0:000  Name: PXSX, Bridge: RP01, Replace: ARPT
9:114  0:000    0 replacements
9:114  0:000  0. [Add _SUN property for GIGE]: pattern 50585358, bin not found / already patched!
9:114  0:000  1. [Rename GFX0 to IGPU]: pattern 47465830, bin not found / already patched!
9:114  0:000  2. [Rename HDEF to AZAL]: pattern 48444546, bin not found / already patched!
9:114  0:000  3. [Rename oem _DSM to ZDSM]: pattern 5F44534D, bin not found / already patched!
9:114  0:000  4. [Rename HECI to IMEI]: pattern 48454349, bin not found / already patched!
9:114  0:000  5. [NVOP]: pattern 5B810E50, bin not found / already patched!
9:114  0:000  Name: PXSX, Bridge: RP01, Replace: ARPT
9:114  0:000    0 replacements
9:114  0:000  Found OperationRegion(PNVS, SystemMemory, 63FBF000, ...)
9:114  0:000  0. [Add _SUN property for GIGE]: pattern 50585358, bin not found / already patched!
9:114  0:000  1. [Rename GFX0 to IGPU]: pattern 47465830, patched at: [ (276) (50) (997) (626) (E3B) (13) (28) (27) (13) (28) (27) (13) (28) (27) (13) (28) (27) (13) (28) (27) (13) (28) (27) (13) (28) (27) (13) (28) (27) (13) (28) (27) (13) (28) (27) (13) (28) (27) (13) (28) (27) (13) (28) (27) (13) (28) (27) (13) (28) (27) (13) (28) ]
9:114  0:000  2. [Rename HDEF to AZAL]: pattern 48444546, bin not found / already patched!
9:114  0:000  3. [Rename oem _DSM to ZDSM]: pattern 5F44534D, patched at: [ (3688) ]
9:114  0:000  4. [Rename HECI to IMEI]: pattern 48454349, bin not found / already patched!
9:114  0:000  5. [NVOP]: pattern 5B810E50, bin not found / already patched!
9:114  0:000  Name: PXSX, Bridge: RP01, Replace: ARPT
9:114  0:000    137 replacements
9:114  0:000  Found OperationRegion(VBOR, SystemMemory, 7AE13018, ...)
9:114  0:000  Found OperationRegion(SGOP, SystemMemory, 7AC7DF98, ...)
9:114  0:000  Found OperationRegion(NOPR, SystemMemory, 7AE7A018, ...)
9:114  0:000  CPUBase=0 and ApicCPUBase=1 ApicCPUNum=8
9:114  0:000  Maximum control=0x18
9:114  0:000  Turbo control=0x1C
9:114  0:000  P-States: min 0x4, max 0x1C
9:114  0:000  SSDT with CPU P-States and plugin-type generated successfully
9:114  0:000  SSDT with CPU C-States generated successfully
9:114  0:000  Cleanup XSDT: count=25, length=236
9:114  0:000  corrected XSDT count=24, length=228
9:114  0:000  === [ RestSetup macOS ] ===================================
9:114  0:000  EdidDiscovered size=128
9:114  0:000  --- Discovered EDID Table size:128
9:114  0:000  000  |  00  FF  FF  FF  FF  FF  FF  00  0D  AE
9:114  0:000  010  |  C4  15  00  00  00  00  26  18  01  04
9:114  0:000  020  |  95  22  13  78  02  EF  05  90  54  52
9:114  0:000  030  |  93  29  25  50  54  00  00  00  01  01
9:114  0:000  040  |  01  01  01  01  01  01  01  01  01  01
9:114  0:000  050  |  01  01  01  01  B4  3B  80  4A  71  38
9:114  0:000  060  |  34  40  64  42  6A  00  58  C1  10  00
9:114  0:000  070  |  00  1A  CD  27  80  4A  71  38  34  40
9:114  0:000  080  |  64  42  6A  00  58  C1  10  00  00  1A
9:114  0:000  090  |  00  00  00  00  00  00  00  00  00  00
9:114  0:000  100  |  00  00  00  00  00  00  00  00  00  00
9:114  0:000  110  |  00  02  00  0C  44  FF  0B  3C  6E  13
9:114  0:000  120  |  10  1F  6E  00  00  00  00  1F
9:114  0:000  Intel HD Graphics 520 [8086:1916] :: PciRoot(0x0)\Pci(0x2,0x0)
9:114  0:000  Intel GFX revision  = 0x7
9:114  0:000  Intel GFX IntelBacklight
9:114  0:000    LEV2 = 0x80000000, LEVL = 0x3A903A9, P0BL = 0x290, GRAN = 0x1
9:114  0:000    LEVW = 0x80000000, LEVX = 0x3A903A9, LEVD = 0xFD, PCHL = 0x0
9:114  0:000    Write macOS LEVW: 0xC0000000
9:114  0:000   RCBA disabled; cannot use it
9:114  0:000   setting specified layout-id=13 (0xD)
9:115  0:000  stringlength = 1064
9:115  0:000  CurrentMode: Width=1920 Height=1080
9:115  0:000  Beginning FSInjection
FSInjectionInstall ...
- Our FSI_SIMPLE_FILE_SYSTEM_PROTOCOL installed on handle: 6A8B6D98
FSInjectionInstall ...
- Our FSI_SIMPLE_FILE_SYSTEM_PROTOCOL installed on handle: 6A8B6D98
9:117  0:002  Use origin smbios table type 1 guid.
9:118  0:000  Preparing kexts injection for arch=x86_64 from EFI\CLOVER\kexts\Other
9:118  0:000  Extra kext: EFI\CLOVER\kexts\Other\ACPIKeyboard.kext (v.1.0.2)
9:122  0:004  Extra kext: EFI\CLOVER\kexts\Other\VoodooPS2Controller.kext (v.2.0.1)
9:124  0:002    |-- PlugIn kext: EFI\CLOVER\kexts\Other\VoodooPS2Controller.kext\Contents\PlugIns\VoodooPS2Mouse.kext (v.2.0.1)
9:125  0:001    |-- PlugIn kext: EFI\CLOVER\kexts\Other\VoodooPS2Controller.kext\Contents\PlugIns\VoodooPS2Keyboard.kext (v.2.0.1)
9:127  0:002    |-- PlugIn kext: EFI\CLOVER\kexts\Other\VoodooPS2Controller.kext\Contents\PlugIns\VoodooPS2Trackpad.kext (v.2.0.1)
9:129  0:002  Extra kext: EFI\CLOVER\kexts\Other\ACPIBatteryManager.kext (v.1.81.4)
9:131  0:001  Extra kext: EFI\CLOVER\kexts\Other\WhateverGreen.kext (v.1.2.9)
9:137  0:005  Extra kext: EFI\CLOVER\kexts\Other\Lilu.kext (v.1.3.6)
9:140  0:002  Extra kext: EFI\CLOVER\kexts\Other\FakeSMC.kext (v.3.5.2)
9:142  0:001  Extra kext: EFI\CLOVER\kexts\Other\RealtekRTL8100.kext (v.2.0.1)
9:145  0:003  Extra kext: EFI\CLOVER\kexts\Other\AppleALC.kext (v.1.3.8)
9:233  0:087  SetStartupDiskVolume:
9:233  0:000    * Volume: 'MyMacSSD'
9:233  0:000    * LoaderPath: '<null string>'
9:233  0:000    * DevPath: MyMacSSD
9:233  0:000    * GUID = B0362D6A-6F81-4C02-9409-546ED537B146
9:233  0:000    * efi-boot-device: <array><dict><key>IOMatch</key><dict><key>IOProviderClass</key><string>IOMedia</string><key>IOPropertyMatch</key><dict><key>UUID</key><string>B0362D6A-6F81-4C02-9409-546ED537B146</string></dict></dict></dict></array>
9:233  0:000  Custom boot screen not used because entry has unset use graphics
9:234  0:000  Closing log
